=== Gerando Resumo Diário ===
Data: 2026-03-30 08:00:00
Verificando backup...
Buscando tarefas do Notion...
Buscando cotação EUR/BRL...
Sincronizando Notion <-> Project Flow...
Enviando para Telegram...
✅ Resumo enviado com sucesso!
=== Gerando Resumo Diário ===
Data: 2026-03-31 08:00:00
Verificando backup...
Buscando tarefas do Notion...
Buscando cotação EUR/BRL...
Sincronizando Notion <-> Project Flow...
Enviando para Telegram...
✅ Resumo enviado com sucesso!
=== Gerando Resumo Diário ===
Data: 2026-04-01 08:00:00
Verificando backup...
Buscando tarefas do Notion...
Buscando cotação EUR/BRL...
Sincronizando Notion <-> Project Flow...
Enviando para Telegram...
✅ Resumo enviado com sucesso!
