2026-03-09 07:00:00 - Atualizando dados Google...
/home/maykon/.openclaw/workspace/scripts/google-integration.py:64: DeprecationWarning: datetime.datetime.utcnow() is deprecated and scheduled for removal in a future version. Use timezone-aware objects to represent datetimes in UTC: datetime.datetime.now(datetime.UTC).
  now = datetime.utcnow()
Autenticando com Google...
Buscando eventos do calendário...
Buscando tarefas...
✅ Dados salvos em /home/maykon/.openclaw/workspace/memory/google-data.json
   Eventos: 0
   Tarefas: 14
2026-03-09 07:00:03 - ✅ Dados atualizados
2026-03-10 07:00:00 - Atualizando dados Google...
/home/maykon/.openclaw/workspace/scripts/google-integration.py:64: DeprecationWarning: datetime.datetime.utcnow() is deprecated and scheduled for removal in a future version. Use timezone-aware objects to represent datetimes in UTC: datetime.datetime.now(datetime.UTC).
  now = datetime.utcnow()
Autenticando com Google...
Buscando eventos do calendário...
Buscando tarefas...
✅ Dados salvos em /home/maykon/.openclaw/workspace/memory/google-data.json
   Eventos: 0
   Tarefas: 12
2026-03-10 07:00:03 - ✅ Dados atualizados
2026-03-11 07:00:00 - Atualizando dados Google...
/home/maykon/.openclaw/workspace/scripts/google-integration.py:64: DeprecationWarning: datetime.datetime.utcnow() is deprecated and scheduled for removal in a future version. Use timezone-aware objects to represent datetimes in UTC: datetime.datetime.now(datetime.UTC).
  now = datetime.utcnow()
Autenticando com Google...
Buscando eventos do calendário...
Buscando tarefas...
✅ Dados salvos em /home/maykon/.openclaw/workspace/memory/google-data.json
   Eventos: 0
   Tarefas: 12
2026-03-11 07:00:04 - ✅ Dados atualizados
2026-03-12 07:00:00 - Atualizando dados Google...
/home/maykon/.openclaw/workspace/scripts/google-integration.py:64: DeprecationWarning: datetime.datetime.utcnow() is deprecated and scheduled for removal in a future version. Use timezone-aware objects to represent datetimes in UTC: datetime.datetime.now(datetime.UTC).
  now = datetime.utcnow()
Autenticando com Google...
Buscando eventos do calendário...
Buscando tarefas...
✅ Dados salvos em /home/maykon/.openclaw/workspace/memory/google-data.json
   Eventos: 2
   Tarefas: 13
2026-03-12 07:00:25 - ✅ Dados atualizados
